<?xml version="1.0" encoding="UTF-8"?>
<!-- Generated by org.testng.reporters.JUnitReportReporter -->
<testsuite hostname="miriyalas-MacBook-Pro.local" failures="0" tests="1" name="jenkins1.tc2" time="0.005" errors="0" timestamp="2023-01-10T16:06:06 IST" skipped="0">
  <testcase classname="jenkins1.tc2" name="m2" time="0.005"/>
  <system-out>
    <![CDATA[hate u]]>
  </system-out>
</testsuite> <!-- jenkins1.tc2 -->
